{"/Users/admin/Documents/CursoTS/Node-TS/src/app.ts": {"path":"/Users/admin/Documents/CursoTS/Node-TS/src/app.ts","statementMap":{"0":{"start":{"line":1,"column":0},"end":{"line":1,"column":47}},"1":{"start":{"line":2,"column":0},"end":{"line":2,"column":28}},"2":{"start":{"line":3,"column":0},"end":{"line":3,"column":47}},"3":{"start":{"line":4,"column":0},"end":{"line":4,"column":46}},"4":{"start":{"line":9,"column":24},"end":{"line":9,"column":37}},"5":{"start":{"line":10,"column":8},"end":{"line":10,"column":29}},"6":{"start":{"line":11,"column":8},"end":{"line":11,"column":24}},"7":{"start":{"line":12,"column":8},"end":{"line":12,"column":27}},"8":{"start":{"line":16,"column":8},"end":{"line":16,"column":48}},"9":{"start":{"line":20,"column":8},"end":{"line":20,"column":36}},"10":{"start":{"line":21,"column":8},"end":{"line":21,"column":37}},"11":{"start":{"line":22,"column":8},"end":{"line":22,"column":33}},"12":{"start":{"line":23,"column":8},"end":{"line":23,"column":null}},"13":{"start":{"line":27,"column":8},"end":{"line":27,"column":52}},"14":{"start":{"line":28,"column":8},"end":{"line":28,"column":66}},"15":{"start":{"line":6,"column":0},"end":{"line":6,"column":13}}},"fnMap":{"0":{"name":"(anonymous_8)","decl":{"start":{"line":9,"column":4},"end":{"line":9,"column":24}},"loc":{"start":{"line":9,"column":37},"end":{"line":13,"column":5}}},"1":{"name":"(anonymous_9)","decl":{"start":{"line":15,"column":12},"end":{"line":15,"column":20}},"loc":{"start":{"line":15,"column":20},"end":{"line":17,"column":5}}},"2":{"name":"(anonymous_10)","decl":{"start":{"line":19,"column":12},"end":{"line":19,"column":23}},"loc":{"start":{"line":19,"column":23},"end":{"line":24,"column":5}}},"3":{"name":"(anonymous_11)","decl":{"start":{"line":26,"column":10},"end":{"line":26,"column":16}},"loc":{"start":{"line":26,"column":16},"end":{"line":29,"column":null}}}},"branchMap":{"0":{"loc":{"start":{"line":16,"column":29},"end":{"line":16,"column":38}},"type":"binary-expr","locations":[{"start":{"line":16,"column":29},"end":{"line":16,"column":38}},{"start":{"line":16,"column":42},"end":{"line":16,"column":46}}]}},"s":{"0":2,"1":2,"2":2,"3":2,"4":2,"5":2,"6":2,"7":2,"8":2,"9":2,"10":2,"11":2,"12":2,"13":0,"14":0,"15":2},"f":{"0":2,"1":2,"2":2,"3":0},"b":{"0":[2,0]}}
,"/Users/admin/Documents/CursoTS/Node-TS/src/database.ts": {"path":"/Users/admin/Documents/CursoTS/Node-TS/src/database.ts","statementMap":{"0":{"start":{"line":1,"column":0},"end":{"line":1,"column":44}},"1":{"start":{"line":4,"column":23},"end":{"line":10,"column":6}},"2":{"start":{"line":11,"column":4},"end":{"line":11,"column":22}},"3":{"start":{"line":3,"column":0},"end":{"line":3,"column":22}}},"fnMap":{"0":{"name":"connect","decl":{"start":{"line":3,"column":22},"end":{"line":3,"column":29}},"loc":{"start":{"line":3,"column":29},"end":{"line":12,"column":null}}}},"branchMap":{},"s":{"0":2,"1":5,"2":5,"3":2},"f":{"0":5},"b":{}}
,"/Users/admin/Documents/CursoTS/Node-TS/src/controllers/index.controller.ts": {"path":"/Users/admin/Documents/CursoTS/Node-TS/src/controllers/index.controller.ts","statementMap":{"0":{"start":{"line":4,"column":4},"end":{"line":4,"column":39}},"1":{"start":{"line":3,"column":0},"end":{"line":3,"column":16}}},"fnMap":{"0":{"name":"welcome","decl":{"start":{"line":3,"column":16},"end":{"line":3,"column":23}},"loc":{"start":{"line":3,"column":51},"end":{"line":5,"column":1}}}},"branchMap":{},"s":{"0":1,"1":2},"f":{"0":1},"b":{}}
,"/Users/admin/Documents/CursoTS/Node-TS/src/controllers/posts.controller.ts": {"path":"/Users/admin/Documents/CursoTS/Node-TS/src/controllers/posts.controller.ts","statementMap":{"0":{"start":{"line":2,"column":0},"end":{"line":2,"column":38}},"1":{"start":{"line":7,"column":17},"end":{"line":7,"column":32}},"2":{"start":{"line":8,"column":18},"end":{"line":8,"column":56}},"3":{"start":{"line":9,"column":4},"end":{"line":11,"column":7}},"4":{"start":{"line":6,"column":0},"end":{"line":6,"column":22}},"5":{"start":{"line":15,"column":23},"end":{"line":15,"column":31}},"6":{"start":{"line":16,"column":17},"end":{"line":16,"column":32}},"7":{"start":{"line":17,"column":24},"end":{"line":17,"column":72}},"8":{"start":{"line":18,"column":4},"end":{"line":21,"column":7}},"9":{"start":{"line":14,"column":0},"end":{"line":14,"column":22}},"10":{"start":{"line":25,"column":17},"end":{"line":25,"column":32}},"11":{"start":{"line":26,"column":22},"end":{"line":26,"column":36}},"12":{"start":{"line":27,"column":17},"end":{"line":27,"column":76}},"13":{"start":{"line":28,"column":4},"end":{"line":30,"column":7}},"14":{"start":{"line":24,"column":0},"end":{"line":24,"column":22}},"15":{"start":{"line":35,"column":23},"end":{"line":35,"column":31}},"16":{"start":{"line":36,"column":17},"end":{"line":36,"column":32}},"17":{"start":{"line":37,"column":22},"end":{"line":37,"column":36}},"18":{"start":{"line":38,"column":4},"end":{"line":38,"column":68}},"19":{"start":{"line":39,"column":4},"end":{"line":41,"column":7}},"20":{"start":{"line":34,"column":0},"end":{"line":34,"column":22}},"21":{"start":{"line":45,"column":17},"end":{"line":45,"column":32}},"22":{"start":{"line":46,"column":22},"end":{"line":46,"column":36}},"23":{"start":{"line":47,"column":4},"end":{"line":47,"column":62}},"24":{"start":{"line":48,"column":4},"end":{"line":50,"column":7}},"25":{"start":{"line":44,"column":0},"end":{"line":44,"column":22}}},"fnMap":{"0":{"name":"getPosts","decl":{"start":{"line":6,"column":22},"end":{"line":6,"column":30}},"loc":{"start":{"line":6,"column":58},"end":{"line":12,"column":null}}},"1":{"name":"createPost","decl":{"start":{"line":14,"column":22},"end":{"line":14,"column":32}},"loc":{"start":{"line":14,"column":60},"end":{"line":22,"column":null}}},"2":{"name":"getPost","decl":{"start":{"line":24,"column":22},"end":{"line":24,"column":29}},"loc":{"start":{"line":24,"column":57},"end":{"line":31,"column":null}}},"3":{"name":"updatePost","decl":{"start":{"line":34,"column":22},"end":{"line":34,"column":32}},"loc":{"start":{"line":34,"column":60},"end":{"line":42,"column":null}}},"4":{"name":"deletePost","decl":{"start":{"line":44,"column":22},"end":{"line":44,"column":32}},"loc":{"start":{"line":44,"column":60},"end":{"line":51,"column":null}}}},"branchMap":{},"s":{"0":2,"1":1,"2":1,"3":1,"4":2,"5":1,"6":1,"7":1,"8":1,"9":2,"10":1,"11":1,"12":1,"13":1,"14":2,"15":1,"16":1,"17":1,"18":1,"19":1,"20":2,"21":1,"22":1,"23":1,"24":1,"25":2},"f":{"0":1,"1":1,"2":1,"3":1,"4":1},"b":{}}
,"/Users/admin/Documents/CursoTS/Node-TS/src/routes/index.routes.ts": {"path":"/Users/admin/Documents/CursoTS/Node-TS/src/routes/index.routes.ts","statementMap":{"0":{"start":{"line":1,"column":0},"end":{"line":1,"column":58}},"1":{"start":{"line":2,"column":0},"end":{"line":2,"column":33}},"2":{"start":{"line":3,"column":15},"end":{"line":3,"column":23}},"3":{"start":{"line":5,"column":0},"end":{"line":5,"column":25}},"4":{"start":{"line":7,"column":0},"end":{"line":7,"column":22}}},"fnMap":{},"branchMap":{},"s":{"0":2,"1":2,"2":2,"3":2,"4":2},"f":{},"b":{}}
,"/Users/admin/Documents/CursoTS/Node-TS/src/routes/posts.routes.ts": {"path":"/Users/admin/Documents/CursoTS/Node-TS/src/routes/posts.routes.ts","statementMap":{"0":{"start":{"line":1,"column":0},"end":{"line":1,"column":104}},"1":{"start":{"line":2,"column":0},"end":{"line":2,"column":33}},"2":{"start":{"line":3,"column":15},"end":{"line":3,"column":23}},"3":{"start":{"line":5,"column":0},"end":{"line":7,"column":22}},"4":{"start":{"line":9,"column":0},"end":{"line":12,"column":18}},"5":{"start":{"line":14,"column":0},"end":{"line":14,"column":22}}},"fnMap":{},"branchMap":{},"s":{"0":2,"1":2,"2":2,"3":2,"4":2,"5":2},"f":{},"b":{}}
}
