TN:
SF:src/app.ts
FN:9,(anonymous_8)
FN:15,(anonymous_9)
FN:19,(anonymous_10)
FN:26,(anonymous_11)
FNF:4
FNH:3
FNDA:2,(anonymous_8)
FNDA:2,(anonymous_9)
FNDA:2,(anonymous_10)
FNDA:0,(anonymous_11)
DA:1,2
DA:2,2
DA:3,2
DA:4,2
DA:6,2
DA:9,2
DA:10,2
DA:11,2
DA:12,2
DA:16,2
DA:20,2
DA:21,2
DA:22,2
DA:23,2
DA:27,0
DA:28,0
LF:16
LH:14
BRDA:16,0,0,2
BRDA:16,0,1,0
BRF:2
BRH:1
end_of_record
TN:
SF:src/database.ts
FN:3,connect
FNF:1
FNH:1
FNDA:5,connect
DA:1,2
DA:3,2
DA:4,5
DA:11,5
LF:4
LH:4
BRF:0
BRH:0
end_of_record
TN:
SF:src/controllers/index.controller.ts
FN:3,welcome
FNF:1
FNH:1
FNDA:1,welcome
DA:3,2
DA:4,1
LF:2
LH:2
BRF:0
BRH:0
end_of_record
TN:
SF:src/controllers/posts.controller.ts
FN:6,getPosts
FN:14,createPost
FN:24,getPost
FN:34,updatePost
FN:44,deletePost
FNF:5
FNH:5
FNDA:1,getPosts
FNDA:1,createPost
FNDA:1,getPost
FNDA:1,updatePost
FNDA:1,deletePost
DA:2,2
DA:6,2
DA:7,1
DA:8,1
DA:9,1
DA:14,2
DA:15,1
DA:16,1
DA:17,1
DA:18,1
DA:24,2
DA:25,1
DA:26,1
DA:27,1
DA:28,1
DA:34,2
DA:35,1
DA:36,1
DA:37,1
DA:38,1
DA:39,1
DA:44,2
DA:45,1
DA:46,1
DA:47,1
DA:48,1
LF:26
LH:26
BRF:0
BRH:0
end_of_record
TN:
SF:src/routes/index.routes.ts
FNF:0
FNH:0
DA:1,2
DA:2,2
DA:3,2
DA:5,2
DA:7,2
LF:5
LH:5
BRF:0
BRH:0
end_of_record
TN:
SF:src/routes/posts.routes.ts
FNF:0
FNH:0
DA:1,2
DA:2,2
DA:3,2
DA:5,2
DA:9,2
DA:14,2
LF:6
LH:6
BRF:0
BRH:0
end_of_record
